I, [2017-03-11T18:12:01.196917 #70798]  INFO -- default-centos: -----> Creating <default-centos>...
I, [2017-03-11T18:12:01.590652 #70798]  INFO -- default-centos: Sending build context to Docker daemon 1.228 MB
I, [2017-03-11T18:12:01.662323 #70798]  INFO -- default-centos: Step 1/16 : FROM centos_chef_omnibus:latest
I, [2017-03-11T18:12:01.662826 #70798]  INFO -- default-centos:  ---> c62cbc5d396a
I, [2017-03-11T18:12:01.663257 #70798]  INFO -- default-centos: Step 2/16 : ENV container docker
I, [2017-03-11T18:12:01.663674 #70798]  INFO -- default-centos:  ---> Using cache
I, [2017-03-11T18:12:01.663936 #70798]  INFO -- default-centos:  ---> 8972f6d4f1e5
I, [2017-03-11T18:12:01.664285 #70798]  INFO -- default-centos: Step 3/16 : RUN yum clean all
I, [2017-03-11T18:12:01.664884 #70798]  INFO -- default-centos:  ---> Using cache
I, [2017-03-11T18:12:01.665226 #70798]  INFO -- default-centos:  ---> 021eda08a218
I, [2017-03-11T18:12:01.665375 #70798]  INFO -- default-centos: Step 4/16 : RUN yum install -y sudo openssh-server openssh-clients which curl
I, [2017-03-11T18:12:01.665934 #70798]  INFO -- default-centos:  ---> Using cache
I, [2017-03-11T18:12:01.667744 #70798]  INFO -- default-centos:  ---> f094bf00d672
I, [2017-03-11T18:12:01.668080 #70798]  INFO -- default-centos: Step 5/16 : RUN ssh-keygen -t rsa -f /etc/ssh/ssh_host_rsa_key -N ''
I, [2017-03-11T18:12:01.668130 #70798]  INFO -- default-centos:  ---> Using cache
I, [2017-03-11T18:12:01.668164 #70798]  INFO -- default-centos:  ---> e1e8a9ee6458
I, [2017-03-11T18:12:01.668195 #70798]  INFO -- default-centos: Step 6/16 : RUN ssh-keygen -t dsa -f /etc/ssh/ssh_host_dsa_key -N ''
I, [2017-03-11T18:12:01.668226 #70798]  INFO -- default-centos:  ---> Using cache
I, [2017-03-11T18:12:01.668256 #70798]  INFO -- default-centos:  ---> dce7ef512180
I, [2017-03-11T18:12:01.668389 #70798]  INFO -- default-centos: Step 7/16 : RUN if ! getent passwd kitchen; then                 useradd -d /home/kitchen -m -s /bin/bash -p '*' kitchen;               fi
I, [2017-03-11T18:12:01.668421 #70798]  INFO -- default-centos:  ---> Using cache
I, [2017-03-11T18:12:01.668445 #70798]  INFO -- default-centos:  ---> 1c84d82091c2
I, [2017-03-11T18:12:01.668475 #70798]  INFO -- default-centos: Step 8/16 : RUN echo "kitchen ALL=(ALL) NOPASSWD: ALL" >> /etc/sudoers
I, [2017-03-11T18:12:01.668736 #70798]  INFO -- default-centos:  ---> Using cache
I, [2017-03-11T18:12:01.669232 #70798]  INFO -- default-centos:  ---> 2e4fbedbc913
I, [2017-03-11T18:12:01.669333 #70798]  INFO -- default-centos: Step 9/16 : RUN echo "Defaults !requiretty" >> /etc/sudoers
I, [2017-03-11T18:12:01.669974 #70798]  INFO -- default-centos:  ---> Using cache
I, [2017-03-11T18:12:01.670417 #70798]  INFO -- default-centos:  ---> 4074434516ef
I, [2017-03-11T18:12:01.670712 #70798]  INFO -- default-centos: Step 10/16 : RUN mkdir -p /home/kitchen/.ssh
I, [2017-03-11T18:12:01.671719 #70798]  INFO -- default-centos:  ---> Using cache
I, [2017-03-11T18:12:01.672124 #70798]  INFO -- default-centos:  ---> 7220f4fe7577
I, [2017-03-11T18:12:01.672393 #70798]  INFO -- default-centos: Step 11/16 : RUN chown -R kitchen /home/kitchen/.ssh
I, [2017-03-11T18:12:01.673449 #70798]  INFO -- default-centos:  ---> Using cache
I, [2017-03-11T18:12:01.673787 #70798]  INFO -- default-centos:  ---> 55f4dcc5f2f5
I, [2017-03-11T18:12:01.673833 #70798]  INFO -- default-centos: Step 12/16 : RUN chmod 0700 /home/kitchen/.ssh
I, [2017-03-11T18:12:01.674450 #70798]  INFO -- default-centos:  ---> Using cache
I, [2017-03-11T18:12:01.674765 #70798]  INFO -- default-centos:  ---> 18955190455b
I, [2017-03-11T18:12:01.674811 #70798]  INFO -- default-centos: Step 13/16 : RUN touch /home/kitchen/.ssh/authorized_keys
I, [2017-03-11T18:12:01.675429 #70798]  INFO -- default-centos:  ---> Using cache
I, [2017-03-11T18:12:01.675747 #70798]  INFO -- default-centos:  ---> be1a07867686
I, [2017-03-11T18:12:01.675805 #70798]  INFO -- default-centos: Step 14/16 : RUN chown kitchen /home/kitchen/.ssh/authorized_keys
I, [2017-03-11T18:12:01.676320 #70798]  INFO -- default-centos:  ---> Using cache
I, [2017-03-11T18:12:01.676599 #70798]  INFO -- default-centos:  ---> 7936dcc31c8a
I, [2017-03-11T18:12:01.676696 #70798]  INFO -- default-centos: Step 15/16 : RUN chmod 0600 /home/kitchen/.ssh/authorized_keys
I, [2017-03-11T18:12:01.677295 #70798]  INFO -- default-centos:  ---> Using cache
I, [2017-03-11T18:12:01.677599 #70798]  INFO -- default-centos:  ---> 4aac0e3d2ee0
I, [2017-03-11T18:12:01.677738 #70798]  INFO -- default-centos: Step 16/16 : RUN echo ssh-rsa\ AAAAB3NzaC1yc2EAAAADAQABAAABAQDN9CPu4GcPUanWOqVtW8EdCu4PCck8\+VtDhstLLDUfP74aTGwY9pIrj1/kUYE1NRZZoj5GAY\+lqr4qE4pOE3mqScwDcnd7JYWM/sJk9lkreiVaW3T2hsjH3MiLUQE4vMyjo\+CK/gc7w3Jyfrs7gF3UV7cCjWjCTpQehw/6T/ZrSlog7gktyz97NLPEda8zPIE/njHpOqMUWNUtsanZpqzhkLEeibtIG6uQNA821iBi4MiuKV9y30XGJvNGe3WJc5Sw2Ti\+HeQIVNeaBl9fB4KyCQLdMzsOfqdxnWVOPRzpWoIyDg8uac5z9MKB56U8h4nDLnF7Zd056J3wP09RF/Fn\ kitchen_docker_key >> /home/kitchen/.ssh/authorized_keys
I, [2017-03-11T18:12:01.678383 #70798]  INFO -- default-centos:  ---> Using cache
I, [2017-03-11T18:12:01.678682 #70798]  INFO -- default-centos:  ---> c199a6652e1e
I, [2017-03-11T18:12:01.678777 #70798]  INFO -- default-centos: Successfully built c199a6652e1e
I, [2017-03-11T18:12:02.055509 #70798]  INFO -- default-centos: c7b768ca64a636251a4dd56a3a5ce0646e20ca6a4605446cdbd40dd27c7f3364
I, [2017-03-11T18:12:02.722075 #70798]  INFO -- default-centos: 0.0.0.0:32789
I, [2017-03-11T18:12:02.743013 #70798]  INFO -- default-centos: Waiting for SSH service on localhost:32789, retrying in 3 seconds
I, [2017-03-11T18:12:05.856705 #70798]  INFO -- default-centos: [SSH] Established
I, [2017-03-11T18:12:05.859729 #70798]  INFO -- default-centos: Finished creating <default-centos> (0m4.66s).
I, [2017-03-11T18:12:05.859841 #70798]  INFO -- default-centos: -----> Converging <default-centos>...
I, [2017-03-11T18:12:05.863669 #70798]  INFO -- default-centos: Preparing files for transfer
I, [2017-03-11T18:12:05.863873 #70798]  INFO -- default-centos: Preparing dna.json
I, [2017-03-11T18:12:05.864262 #70798]  INFO -- default-centos: Resolving cookbook dependencies with Berkshelf 5.6.3...
I, [2017-03-11T18:12:07.497940 #70798]  INFO -- default-centos: Removing non-cookbook files before transfer
I, [2017-03-11T18:12:07.537286 #70798]  INFO -- default-centos: Preparing nodes
I, [2017-03-11T18:12:07.538060 #70798]  INFO -- default-centos: Preparing validation.pem
I, [2017-03-11T18:12:07.538725 #70798]  INFO -- default-centos: Preparing client.rb
I, [2017-03-11T18:12:07.586427 #70798]  INFO -- default-centos: Transferring files to <default-centos>
I, [2017-03-11T18:12:10.003549 #70798]  INFO -- default-centos: [2017-03-09T14:08:21+00:00] INFO: Forking chef instance to converge...
I, [2017-03-11T18:12:10.045831 #70798]  INFO -- default-centos: Starting Chef Client, version 12.19.36
I, [2017-03-11T18:12:10.046851 #70798]  INFO -- default-centos: [2017-03-09T14:08:21+00:00] INFO: *** Chef 12.19.36 ***
I, [2017-03-11T18:12:10.047686 #70798]  INFO -- default-centos: [2017-03-09T14:08:21+00:00] INFO: Platform: x86_64-linux
I, [2017-03-11T18:12:10.049067 #70798]  INFO -- default-centos: [2017-03-09T14:08:21+00:00] INFO: Chef-client pid: 176
I, [2017-03-11T18:12:11.215802 #70798]  INFO -- default-centos: [2017-03-09T14:08:22+00:00] WARN: Plugin Network: unable to detect ipaddress
I, [2017-03-11T18:12:11.679425 #70798]  INFO -- default-centos: Creating a new client identity for default-centos using the validator key.
I, [2017-03-11T18:12:11.679975 #70798]  INFO -- default-centos: [2017-03-09T14:08:23+00:00] INFO: Client key /tmp/kitchen/client.pem is not present - registering
I, [2017-03-11T18:12:11.856837 #70798]  INFO -- default-centos: [2017-03-09T14:08:23+00:00] INFO: HTTP Request Returned 404 Not Found: Object not found: chefzero://localhost:8889/nodes/default-centos
I, [2017-03-11T18:12:11.859410 #70798]  INFO -- default-centos: [2017-03-09T14:08:23+00:00] INFO: Setting the run_list to ["demo"] from CLI options
I, [2017-03-11T18:12:11.865583 #70798]  INFO -- default-centos: [2017-03-09T14:08:23+00:00] INFO: Run List is [recipe[demo]]
I, [2017-03-11T18:12:11.865883 #70798]  INFO -- default-centos: [2017-03-09T14:08:23+00:00] INFO: Run List expands to [demo]
I, [2017-03-11T18:12:11.866607 #70798]  INFO -- default-centos: [2017-03-09T14:08:23+00:00] INFO: Starting Chef Run for default-centos
I, [2017-03-11T18:12:11.867674 #70798]  INFO -- default-centos: [2017-03-09T14:08:23+00:00] INFO: Running start handlers
I, [2017-03-11T18:12:11.868074 #70798]  INFO -- default-centos: [2017-03-09T14:08:23+00:00] INFO: Start handlers complete.
I, [2017-03-11T18:12:11.868959 #70798]  INFO -- default-centos: [2017-03-09T14:08:23+00:00] INFO: HTTP Request Returned 404 Not Found: Object not found: 
I, [2017-03-11T18:12:11.869755 #70798]  INFO -- default-centos: resolving cookbooks for run list: ["demo"]
I, [2017-03-11T18:12:12.201413 #70798]  INFO -- default-centos: [2017-03-09T14:08:23+00:00] INFO: Loading cookbooks [demo@0.1.0, java@1.47.0, tomcat@2.3.4, apt@6.0.1, windows@2.1.1, homebrew@3.0.0, compat_resource@12.16.3, ohai@5.0.0]
I, [2017-03-11T18:12:12.208028 #70798]  INFO -- default-centos: Synchronizing Cookbooks:
I, [2017-03-11T18:12:12.215456 #70798]  INFO -- default-centos: [2017-03-09T14:08:23+00:00] INFO: Storing updated cookbooks/demo/attributes/default.rb in the cache.
I, [2017-03-11T18:12:12.216085 #70798]  INFO -- default-centos: [2017-03-09T14:08:23+00:00] INFO: Storing updated cookbooks/demo/files/default/helloworld_server.xml in the cache.
I, [2017-03-11T18:12:12.216424 #70798]  INFO -- default-centos: [2017-03-09T14:08:23+00:00] INFO: Storing updated cookbooks/demo/README.md in the cache.
I, [2017-03-11T18:12:12.216760 #70798]  INFO -- default-centos: [2017-03-09T14:08:23+00:00] INFO: Storing updated cookbooks/demo/metadata.json in the cache.
I, [2017-03-11T18:12:12.217049 #70798]  INFO -- default-centos: [2017-03-09T14:08:23+00:00] INFO: Storing updated cookbooks/java/resources/alternatives.rb in the cache.
I, [2017-03-11T18:12:12.225069 #70798]  INFO -- default-centos: [2017-03-09T14:08:23+00:00] INFO: Storing updated cookbooks/java/providers/alternatives.rb in the cache.
I, [2017-03-11T18:12:12.225331 #70798]  INFO -- default-centos: [2017-03-09T14:08:23+00:00] INFO: Storing updated cookbooks/java/resources/ark.rb in the cache.
I, [2017-03-11T18:12:12.225724 #70798]  INFO -- default-centos: [2017-03-09T14:08:23+00:00] INFO: Storing updated cookbooks/demo/recipes/default.rb in the cache.
I, [2017-03-11T18:12:12.226982 #70798]  INFO -- default-centos:   - demo (0.1.0)
I, [2017-03-11T18:12:12.232252 #70798]  INFO -- default-centos: [2017-03-09T14:08:23+00:00] INFO: Storing updated cookbooks/java/recipes/notify.rb in the cache.
I, [2017-03-11T18:12:12.232525 #70798]  INFO -- default-centos: [2017-03-09T14:08:23+00:00] INFO: Storing updated cookbooks/java/providers/ark.rb in the cache.
I, [2017-03-11T18:12:12.232956 #70798]  INFO -- default-centos: [2017-03-09T14:08:23+00:00] INFO: Storing updated cookbooks/java/recipes/default.rb in the cache.
I, [2017-03-11T18:12:12.239261 #70798]  INFO -- default-centos: [2017-03-09T14:08:23+00:00] INFO: Storing updated cookbooks/java/recipes/oracle_i386.rb in the cache.
I, [2017-03-11T18:12:12.239595 #70798]  INFO -- default-centos: [2017-03-09T14:08:23+00:00] INFO: Storing updated cookbooks/java/recipes/default_java_symlink.rb in the cache.
I, [2017-03-11T18:12:12.240055 #70798]  INFO -- default-centos: [2017-03-09T14:08:23+00:00] INFO: Storing updated cookbooks/java/recipes/homebrew.rb in the cache.
I, [2017-03-11T18:12:12.240425 #70798]  INFO -- default-centos: [2017-03-09T14:08:23+00:00] INFO: Storing updated cookbooks/java/recipes/ibm.rb in the cache.
I, [2017-03-11T18:12:12.247333 #70798]  INFO -- default-centos: [2017-03-09T14:08:23+00:00] INFO: Storing updated cookbooks/java/recipes/purge_packages.rb in the cache.
I, [2017-03-11T18:12:12.248117 #70798]  INFO -- default-centos: [2017-03-09T14:08:23+00:00] INFO: Storing updated cookbooks/java/recipes/ibm_tar.rb in the cache.
I, [2017-03-11T18:12:12.249078 #70798]  INFO -- default-centos: [2017-03-09T14:08:23+00:00] INFO: Storing updated cookbooks/java/recipes/openjdk.rb in the cache.
I, [2017-03-11T18:12:12.255150 #70798]  INFO -- default-centos: [2017-03-09T14:08:23+00:00] INFO: Storing updated cookbooks/java/libraries/helpers.rb in the cache.
I, [2017-03-11T18:12:12.256566 #70798]  INFO -- default-centos: [2017-03-09T14:08:23+00:00] INFO: Storing updated cookbooks/java/recipes/oracle.rb in the cache.
I, [2017-03-11T18:12:12.257297 #70798]  INFO -- default-centos: [2017-03-09T14:08:23+00:00] INFO: Storing updated cookbooks/java/recipes/oracle_jce.rb in the cache.
I, [2017-03-11T18:12:12.259684 #70798]  INFO -- default-centos: [2017-03-09T14:08:23+00:00] INFO: Storing updated cookbooks/java/recipes/oracle_rpm.rb in the cache.
I, [2017-03-11T18:12:12.260428 #70798]  INFO -- default-centos: [2017-03-09T14:08:23+00:00] INFO: Storing updated cookbooks/java/recipes/set_attributes_from_version.rb in the cache.
I, [2017-03-11T18:12:12.261168 #70798]  INFO -- default-centos: [2017-03-09T14:08:23+00:00] INFO: Storing updated cookbooks/java/recipes/set_java_home.rb in the cache.
I, [2017-03-11T18:12:12.261831 #70798]  INFO -- default-centos: [2017-03-09T14:08:23+00:00] INFO: Storing updated cookbooks/java/recipes/windows.rb in the cache.
I, [2017-03-11T18:12:12.262455 #70798]  INFO -- default-centos: [2017-03-09T14:08:23+00:00] INFO: Storing updated cookbooks/java/libraries/matchers.rb in the cache.
I, [2017-03-11T18:12:12.263007 #70798]  INFO -- default-centos: [2017-03-09T14:08:23+00:00] INFO: Storing updated cookbooks/java/libraries/provider_java_certificate.rb in the cache.
I, [2017-03-11T18:12:12.263573 #70798]  INFO -- default-centos: [2017-03-09T14:08:23+00:00] INFO: Storing updated cookbooks/java/libraries/resource_java_certificate.rb in the cache.
I, [2017-03-11T18:12:12.273832 #70798]  INFO -- default-centos: [2017-03-09T14:08:23+00:00] INFO: Storing updated cookbooks/java/templates/default/ibm_jdk.installer.properties.erb in the cache.
I, [2017-03-11T18:12:12.278191 #70798]  INFO -- default-centos: [2017-03-09T14:08:23+00:00] INFO: Storing updated cookbooks/java/templates/default/jdk.sh.erb in the cache.
I, [2017-03-11T18:12:12.280020 #70798]  INFO -- default-centos: [2017-03-09T14:08:23+00:00] INFO: Storing updated cookbooks/java/templates/default/oracle.jinfo.erb in the cache.
I, [2017-03-11T18:12:12.281374 #70798]  INFO -- default-centos: [2017-03-09T14:08:23+00:00] INFO: Storing updated cookbooks/java/README.md in the cache.
I, [2017-03-11T18:12:12.283027 #70798]  INFO -- default-centos: [2017-03-09T14:08:23+00:00] INFO: Storing updated cookbooks/java/metadata.json in the cache.
I, [2017-03-11T18:12:12.283098 #70798]  INFO -- default-centos: [2017-03-09T14:08:23+00:00] INFO: Storing updated cookbooks/tomcat/resources/install.rb in the cache.
I, [2017-03-11T18:12:12.283353 #70798]  INFO -- default-centos: [2017-03-09T14:08:23+00:00] INFO: Storing updated cookbooks/tomcat/resources/service_systemd.rb in the cache.
I, [2017-03-11T18:12:12.284085 #70798]  INFO -- default-centos: [2017-03-09T14:08:23+00:00] INFO: Storing updated cookbooks/tomcat/resources/service_sysv_init.rb in the cache.
I, [2017-03-11T18:12:12.299985 #70798]  INFO -- default-centos: [2017-03-09T14:08:23+00:00] INFO: Storing updated cookbooks/tomcat/recipes/default.rb in the cache.
I, [2017-03-11T18:12:12.300089 #70798]  INFO -- default-centos: [2017-03-09T14:08:23+00:00] INFO: Storing updated cookbooks/java/attributes/default.rb in the cache.
I, [2017-03-11T18:12:12.300142 #70798]  INFO -- default-centos:   - java (1.47.0)
I, [2017-03-11T18:12:12.302278 #70798]  INFO -- default-centos: [2017-03-09T14:08:23+00:00] INFO: Storing updated cookbooks/tomcat/README.md in the cache.
I, [2017-03-11T18:12:12.302736 #70798]  INFO -- default-centos: [2017-03-09T14:08:23+00:00] INFO: Storing updated cookbooks/tomcat/libraries/matchers.rb in the cache.
I, [2017-03-11T18:12:12.303427 #70798]  INFO -- default-centos: [2017-03-09T14:08:23+00:00] INFO: Storing updated cookbooks/tomcat/libraries/tomcat.rb in the cache.
I, [2017-03-11T18:12:12.311216 #70798]  INFO -- default-centos: [2017-03-09T14:08:23+00:00] INFO: Storing updated cookbooks/apt/resources/preference.rb in the cache.
I, [2017-03-11T18:12:12.313569 #70798]  INFO -- default-centos: [2017-03-09T14:08:23+00:00] INFO: Storing updated cookbooks/tomcat/templates/.kitchen/logs/kitchen.log in the cache.
I, [2017-03-11T18:12:12.313633 #70798]  INFO -- default-centos: [2017-03-09T14:08:23+00:00] INFO: Storing updated cookbooks/tomcat/templates/init_systemd.erb in the cache.
I, [2017-03-11T18:12:12.319270 #70798]  INFO -- default-centos: [2017-03-09T14:08:23+00:00] INFO: Storing updated cookbooks/apt/recipes/cacher-ng.rb in the cache.
I, [2017-03-11T18:12:12.319336 #70798]  INFO -- default-centos: [2017-03-09T14:08:23+00:00] INFO: Storing updated cookbooks/tomcat/templates/init_sysv.erb in the cache.
I, [2017-03-11T18:12:12.319365 #70798]  INFO -- default-centos: [2017-03-09T14:08:23+00:00] INFO: Storing updated cookbooks/tomcat/templates/init_upstart.erb in the cache.
I, [2017-03-11T18:12:12.319643 #70798]  INFO -- default-centos: [2017-03-09T14:08:23+00:00] INFO: Storing updated cookbooks/apt/recipes/unattended-upgrades.rb in the cache.
I, [2017-03-11T18:12:12.320003 #70798]  INFO -- default-centos: [2017-03-09T14:08:23+00:00] INFO: Storing updated cookbooks/tomcat/templates/setenv.erb in the cache.
I, [2017-03-11T18:12:12.331663 #70798]  INFO -- default-centos: [2017-03-09T14:08:23+00:00] INFO: Storing updated cookbooks/apt/libraries/matchers.rb in the cache.
I, [2017-03-11T18:12:12.332008 #70798]  INFO -- default-centos: [2017-03-09T14:08:23+00:00] INFO: Storing updated cookbooks/tomcat/metadata.json in the cache.
I, [2017-03-11T18:12:12.336432 #70798]  INFO -- default-centos: [2017-03-09T14:08:23+00:00] INFO: Storing updated cookbooks/apt/templates/default/01proxy.erb in the cache.
I, [2017-03-11T18:12:12.338791 #70798]  INFO -- default-centos: [2017-03-09T14:08:23+00:00] INFO: Storing updated cookbooks/apt/providers/preference.rb in the cache.
I, [2017-03-11T18:12:12.338917 #70798]  INFO -- default-centos: [2017-03-09T14:08:23+00:00] INFO: Storing updated cookbooks/tomcat/resources/service_upstart.rb in the cache.
I, [2017-03-11T18:12:12.338983 #70798]  INFO -- default-centos:   - tomcat (2.3.4)
I, [2017-03-11T18:12:12.339313 #70798]  INFO -- default-centos: [2017-03-09T14:08:23+00:00] INFO: Storing updated cookbooks/apt/templates/default/10recommends.erb in the cache.
I, [2017-03-11T18:12:12.340031 #70798]  INFO -- default-centos: [2017-03-09T14:08:23+00:00] INFO: Storing updated cookbooks/apt/recipes/cacher-client.rb in the cache.
I, [2017-03-11T18:12:12.344088 #70798]  INFO -- default-centos: [2017-03-09T14:08:23+00:00] INFO: Storing updated cookbooks/apt/recipes/default.rb in the cache.
I, [2017-03-11T18:12:12.344159 #70798]  INFO -- default-centos: [2017-03-09T14:08:23+00:00] INFO: Storing updated cookbooks/apt/libraries/helpers.rb in the cache.
I, [2017-03-11T18:12:12.350696 #70798]  INFO -- default-centos: [2017-03-09T14:08:23+00:00] INFO: Storing updated cookbooks/apt/templates/default/20auto-upgrades.erb in the cache.
I, [2017-03-11T18:12:12.351286 #70798]  INFO -- default-centos: [2017-03-09T14:08:23+00:00] INFO: Storing updated cookbooks/apt/attributes/default.rb in the cache.
I, [2017-03-11T18:12:12.352461 #70798]  INFO -- default-centos: [2017-03-09T14:08:23+00:00] INFO: Storing updated cookbooks/apt/files/default/15update-stamp in the cache.
I, [2017-03-11T18:12:12.357337 #70798]  INFO -- default-centos: [2017-03-09T14:08:23+00:00] INFO: Storing updated cookbooks/windows/resources/auto_run.rb in the cache.
I, [2017-03-11T18:12:12.359375 #70798]  INFO -- default-centos: [2017-03-09T14:08:23+00:00] INFO: Storing updated cookbooks/apt/files/default/apt-proxy-v2.conf in the cache.
I, [2017-03-11T18:12:12.360446 #70798]  INFO -- default-centos: [2017-03-09T14:08:23+00:00] INFO: Storing updated cookbooks/apt/templates/default/10dpkg-options.erb in the cache.
I, [2017-03-11T18:12:12.360509 #70798]  INFO -- default-centos: [2017-03-09T14:08:23+00:00] INFO: Storing updated cookbooks/apt/templates/default/50unattended-upgrades.erb in the cache.
I, [2017-03-11T18:12:12.360542 #70798]  INFO -- default-centos: [2017-03-09T14:08:23+00:00] INFO: Storing updated cookbooks/apt/templates/default/acng.conf.erb in the cache.
I, [2017-03-11T18:12:12.360585 #70798]  INFO -- default-centos: [2017-03-09T14:08:23+00:00] INFO: Storing updated cookbooks/apt/templates/default/unattended-upgrades.seed.erb in the cache.
I, [2017-03-11T18:12:12.360611 #70798]  INFO -- default-centos: [2017-03-09T14:08:23+00:00] INFO: Storing updated cookbooks/apt/README.md in the cache.
I, [2017-03-11T18:12:12.361111 #70798]  INFO -- default-centos: [2017-03-09T14:08:23+00:00] INFO: Storing updated cookbooks/windows/resources/certificate.rb in the cache.
I, [2017-03-11T18:12:12.370394 #70798]  INFO -- default-centos: [2017-03-09T14:08:23+00:00] INFO: Storing updated cookbooks/windows/resources/feature.rb in the cache.
I, [2017-03-11T18:12:12.370647 #70798]  INFO -- default-centos: [2017-03-09T14:08:23+00:00] INFO: Storing updated cookbooks/windows/resources/font.rb in the cache.
I, [2017-03-11T18:12:12.379882 #70798]  INFO -- default-centos: [2017-03-09T14:08:23+00:00] INFO: Storing updated cookbooks/windows/resources/http_acl.rb in the cache.
I, [2017-03-11T18:12:12.380964 #70798]  INFO -- default-centos: [2017-03-09T14:08:23+00:00] INFO: Storing updated cookbooks/windows/resources/printer.rb in the cache.
I, [2017-03-11T18:12:12.381028 #70798]  INFO -- default-centos: [2017-03-09T14:08:23+00:00] INFO: Storing updated cookbooks/windows/resources/pagefile.rb in the cache.
I, [2017-03-11T18:12:12.381479 #70798]  INFO -- default-centos: [2017-03-09T14:08:23+00:00] INFO: Storing updated cookbooks/windows/resources/path.rb in the cache.
I, [2017-03-11T18:12:12.392352 #70798]  INFO -- default-centos: [2017-03-09T14:08:23+00:00] INFO: Storing updated cookbooks/windows/resources/task.rb in the cache.
I, [2017-03-11T18:12:12.395022 #70798]  INFO -- default-centos: [2017-03-09T14:08:23+00:00] INFO: Storing updated cookbooks/windows/providers/feature_powershell.rb in the cache.
I, [2017-03-11T18:12:12.397565 #70798]  INFO -- default-centos: [2017-03-09T14:08:23+00:00] INFO: Storing updated cookbooks/windows/providers/feature_servermanagercmd.rb in the cache.
I, [2017-03-11T18:12:12.398128 #70798]  INFO -- default-centos: [2017-03-09T14:08:23+00:00] INFO: Storing updated cookbooks/windows/resources/printer_port.rb in the cache.
I, [2017-03-11T18:12:12.402174 #70798]  INFO -- default-centos: [2017-03-09T14:08:23+00:00] INFO: Storing updated cookbooks/windows/resources/zipfile.rb in the cache.
I, [2017-03-11T18:12:12.402249 #70798]  INFO -- default-centos: [2017-03-09T14:08:23+00:00] INFO: Storing updated cookbooks/apt/metadata.json in the cache.
I, [2017-03-11T18:12:12.402278 #70798]  INFO -- default-centos:   - apt (6.0.1)
I, [2017-03-11T18:12:12.404532 #70798]  INFO -- default-centos: [2017-03-09T14:08:23+00:00] INFO: Storing updated cookbooks/windows/providers/font.rb in the cache.
I, [2017-03-11T18:12:12.408132 #70798]  INFO -- default-centos: [2017-03-09T14:08:23+00:00] INFO: Storing updated cookbooks/windows/providers/auto_run.rb in the cache.
I, [2017-03-11T18:12:12.408222 #70798]  INFO -- default-centos: [2017-03-09T14:08:23+00:00] INFO: Storing updated cookbooks/windows/providers/certificate.rb in the cache.
I, [2017-03-11T18:12:12.410303 #70798]  INFO -- default-centos: [2017-03-09T14:08:23+00:00] INFO: Storing updated cookbooks/windows/providers/pagefile.rb in the cache.
I, [2017-03-11T18:12:12.410372 #70798]  INFO -- default-centos: [2017-03-09T14:08:23+00:00] INFO: Storing updated cookbooks/windows/providers/certificate_binding.rb in the cache.
I, [2017-03-11T18:12:12.410770 #70798]  INFO -- default-centos: [2017-03-09T14:08:23+00:00] INFO: Storing updated cookbooks/windows/providers/feature_dism.rb in the cache.
I, [2017-03-11T18:12:12.410818 #70798]  INFO -- default-centos: [2017-03-09T14:08:23+00:00] INFO: Storing updated cookbooks/windows/resources/certificate_binding.rb in the cache.
I, [2017-03-11T18:12:12.411402 #70798]  INFO -- default-centos: [2017-03-09T14:08:23+00:00] INFO: Storing updated cookbooks/windows/resources/shortcut.rb in the cache.
I, [2017-03-11T18:12:12.420699 #70798]  INFO -- default-centos: [2017-03-09T14:08:23+00:00] INFO: Storing updated cookbooks/windows/providers/printer_port.rb in the cache.
I, [2017-03-11T18:12:12.421125 #70798]  INFO -- default-centos: [2017-03-09T14:08:23+00:00] INFO: Storing updated cookbooks/windows/providers/http_acl.rb in the cache.
I, [2017-03-11T18:12:12.421581 #70798]  INFO -- default-centos: [2017-03-09T14:08:23+00:00] INFO: Storing updated cookbooks/windows/providers/path.rb in the cache.
I, [2017-03-11T18:12:12.422159 #70798]  INFO -- default-centos: [2017-03-09T14:08:23+00:00] INFO: Storing updated cookbooks/windows/providers/shortcut.rb in the cache.
I, [2017-03-11T18:12:12.430243 #70798]  INFO -- default-centos: [2017-03-09T14:08:23+00:00] INFO: Storing updated cookbooks/windows/recipes/default.rb in the cache.
I, [2017-03-11T18:12:12.431155 #70798]  INFO -- default-centos: [2017-03-09T14:08:23+00:00] INFO: Storing updated cookbooks/windows/providers/task.rb in the cache.
I, [2017-03-11T18:12:12.431621 #70798]  INFO -- default-centos: [2017-03-09T14:08:23+00:00] INFO: Storing updated cookbooks/windows/providers/zipfile.rb in the cache.
I, [2017-03-11T18:12:12.442892 #70798]  INFO -- default-centos: [2017-03-09T14:08:23+00:00] INFO: Storing updated cookbooks/windows/libraries/powershell_helper.rb in the cache.
I, [2017-03-11T18:12:12.443332 #70798]  INFO -- default-centos: [2017-03-09T14:08:23+00:00] INFO: Storing updated cookbooks/windows/libraries/feature_base.rb in the cache.
I, [2017-03-11T18:12:12.443752 #70798]  INFO -- default-centos: [2017-03-09T14:08:23+00:00] INFO: Storing updated cookbooks/windows/libraries/matchers.rb in the cache.
I, [2017-03-11T18:12:12.450822 #70798]  INFO -- default-centos: [2017-03-09T14:08:23+00:00] INFO: Storing updated cookbooks/windows/libraries/windows_privileged.rb in the cache.
I, [2017-03-11T18:12:12.451249 #70798]  INFO -- default-centos: [2017-03-09T14:08:23+00:00] INFO: Storing updated cookbooks/windows/libraries/powershell_out.rb in the cache.
I, [2017-03-11T18:12:12.454036 #70798]  INFO -- default-centos: [2017-03-09T14:08:23+00:00] INFO: Storing updated cookbooks/windows/libraries/registry_helper.rb in the cache.
I, [2017-03-11T18:12:12.459081 #70798]  INFO -- default-centos: [2017-03-09T14:08:23+00:00] INFO: Storing updated cookbooks/windows/README.md in the cache.
I, [2017-03-11T18:12:12.459525 #70798]  INFO -- default-centos: [2017-03-09T14:08:23+00:00] INFO: Storing updated cookbooks/windows/libraries/version.rb in the cache.
I, [2017-03-11T18:12:12.462702 #70798]  INFO -- default-centos: [2017-03-09T14:08:23+00:00] INFO: Storing updated cookbooks/windows/libraries/version_helper.rb in the cache.
I, [2017-03-11T18:12:12.462778 #70798]  INFO -- default-centos: [2017-03-09T14:08:23+00:00] INFO: Storing updated cookbooks/windows/providers/printer.rb in the cache.
I, [2017-03-11T18:12:12.462817 #70798]  INFO -- default-centos: [2017-03-09T14:08:23+00:00] INFO: Storing updated cookbooks/homebrew/resources/cask.rb in the cache.
I, [2017-03-11T18:12:12.465679 #70798]  INFO -- default-centos: [2017-03-09T14:08:23+00:00] INFO: Storing updated cookbooks/homebrew/resources/tap.rb in the cache.
I, [2017-03-11T18:12:12.466167 #70798]  INFO -- default-centos: [2017-03-09T14:08:23+00:00] INFO: Storing updated cookbooks/windows/libraries/windows_package.rb in the cache.
I, [2017-03-11T18:12:12.466756 #70798]  INFO -- default-centos: [2017-03-09T14:08:23+00:00] INFO: Storing updated cookbooks/windows/libraries/windows_helper.rb in the cache.
I, [2017-03-11T18:12:12.475880 #70798]  INFO -- default-centos: [2017-03-09T14:08:23+00:00] INFO: Storing updated cookbooks/homebrew/recipes/cask.rb in the cache.
I, [2017-03-11T18:12:12.476865 #70798]  INFO -- default-centos: [2017-03-09T14:08:23+00:00] INFO: Storing updated cookbooks/windows/libraries/wmi_helper.rb in the cache.
I, [2017-03-11T18:12:12.479777 #70798]  INFO -- default-centos: [2017-03-09T14:08:23+00:00] INFO: Storing updated cookbooks/windows/attributes/default.rb in the cache.
I, [2017-03-11T18:12:12.480162 #70798]  INFO -- default-centos: [2017-03-09T14:08:23+00:00] INFO: Storing updated cookbooks/windows/files/default/dism_features.rb in the cache.
I, [2017-03-11T18:12:12.480572 #70798]  INFO -- default-centos: [2017-03-09T14:08:23+00:00] INFO: Storing updated cookbooks/windows/metadata.json in the cache.
I, [2017-03-11T18:12:12.480899 #70798]  INFO -- default-centos: [2017-03-09T14:08:23+00:00] INFO: Storing updated cookbooks/homebrew/providers/cask.rb in the cache.
I, [2017-03-11T18:12:12.480948 #70798]  INFO -- default-centos: [2017-03-09T14:08:23+00:00] INFO: Storing updated cookbooks/homebrew/providers/tap.rb in the cache.
I, [2017-03-11T18:12:12.481406 #70798]  INFO -- default-centos: [2017-03-09T14:08:23+00:00] INFO: Storing updated cookbooks/homebrew/recipes/default.rb in the cache.
I, [2017-03-11T18:12:12.482130 #70798]  INFO -- default-centos: [2017-03-09T14:08:23+00:00] INFO: Storing updated cookbooks/homebrew/recipes/install_casks.rb in the cache.
I, [2017-03-11T18:12:12.482525 #70798]  INFO -- default-centos: [2017-03-09T14:08:23+00:00] INFO: Storing updated cookbooks/homebrew/recipes/install_formulas.rb in the cache.
I, [2017-03-11T18:12:12.500402 #70798]  INFO -- default-centos: [2017-03-09T14:08:23+00:00] INFO: Storing updated cookbooks/homebrew/libraries/homebrew_mixin.rb in the cache.
I, [2017-03-11T18:12:12.500519 #70798]  INFO -- default-centos: [2017-03-09T14:08:23+00:00] INFO: Storing updated cookbooks/homebrew/libraries/matchers.rb in the cache.
I, [2017-03-11T18:12:12.500953 #70798]  INFO -- default-centos: [2017-03-09T14:08:23+00:00] INFO: Storing updated cookbooks/homebrew/attributes/default.rb in the cache.
I, [2017-03-11T18:12:12.503612 #70798]  INFO -- default-centos: [2017-03-09T14:08:23+00:00] INFO: Storing updated cookbooks/homebrew/README.md in the cache.
I, [2017-03-11T18:12:12.504369 #70798]  INFO -- default-centos: [2017-03-09T14:08:23+00:00] INFO: Storing updated cookbooks/homebrew/metadata.json in the cache.
I, [2017-03-11T18:12:12.505253 #70798]  INFO -- default-centos: [2017-03-09T14:08:23+00:00] INFO: Storing updated cookbooks/compat_resource/libraries/autoload.rb in the cache.
I, [2017-03-11T18:12:12.510660 #70798]  INFO -- default-centos: [2017-03-09T14:08:23+00:00] INFO: Storing updated cookbooks/compat_resource/files/lib/chef_compat/copied_from_chef/chef/constants.rb in the cache.
I, [2017-03-11T18:12:12.518274 #70798]  INFO -- default-centos:   - windows (2.1.1)
I, [2017-03-11T18:12:12.537193 #70798]  INFO -- default-centos: [2017-03-09T14:08:23+00:00] INFO: Storing updated cookbooks/compat_resource/files/lib/chef_compat/copied_from_chef/chef/dsl/platform_introspection.rb in the cache.
I, [2017-03-11T18:12:12.541046 #70798]  INFO -- default-centos: [2017-03-09T14:08:23+00:00] INFO: Storing updated cookbooks/compat_resource/files/lib/chef_compat/copied_from_chef/chef/dsl/recipe.rb in the cache.
I, [2017-03-11T18:12:12.544194 #70798]  INFO -- default-centos: [2017-03-09T14:08:23+00:00] INFO: Storing updated cookbooks/compat_resource/files/lib/chef_compat/copied_from_chef/chef/dsl/core.rb in the cache.
I, [2017-03-11T18:12:12.555777 #70798]  INFO -- default-centos: [2017-03-09T14:08:23+00:00] INFO: Storing updated cookbooks/compat_resource/files/lib/chef_compat/copied_from_chef/chef/mixin/powershell_out.rb in the cache.
I, [2017-03-11T18:12:12.556456 #70798]  INFO -- default-centos: [2017-03-09T14:08:23+00:00] INFO: Storing updated cookbooks/compat_resource/files/lib/chef_compat/copied_from_chef/chef/dsl/universal.rb in the cache.
I, [2017-03-11T18:12:12.557324 #70798]  INFO -- default-centos: [2017-03-09T14:08:23+00:00] INFO: Storing updated cookbooks/compat_resource/files/lib/chef_compat/copied_from_chef/chef/mixin/lazy_module_include.rb in the cache.
I, [2017-03-11T18:12:12.557403 #70798]  INFO -- default-centos: [2017-03-09T14:08:23+00:00] INFO: Storing updated cookbooks/compat_resource/files/lib/chef_compat/copied_from_chef/chef/delayed_evaluator.rb in the cache.
I, [2017-03-11T18:12:12.560534 #70798]  INFO -- default-centos: [2017-03-09T14:08:23+00:00] INFO: Storing updated cookbooks/compat_resource/files/lib/chef_compat/copied_from_chef/chef/mixin/notifying_block.rb in the cache.
I, [2017-03-11T18:12:12.561313 #70798]  INFO -- default-centos: [2017-03-09T14:08:23+00:00] INFO: Storing updated cookbooks/compat_resource/files/lib/chef_compat/copied_from_chef/chef/dsl/declare_resource.rb in the cache.
I, [2017-03-11T18:12:12.561839 #70798]  INFO -- default-centos: [2017-03-09T14:08:23+00:00] INFO: Storing updated cookbooks/homebrew/recipes/install_taps.rb in the cache.
I, [2017-03-11T18:12:12.572119 #70798]  INFO -- default-centos: [2017-03-09T14:08:23+00:00] INFO: Storing updated cookbooks/compat_resource/files/lib/chef_compat/copied_from_chef/chef/provider/noop.rb in the cache.
I, [2017-03-11T18:12:12.573153 #70798]  INFO -- default-centos: [2017-03-09T14:08:23+00:00] INFO: Storing updated cookbooks/compat_resource/files/lib/chef_compat/copied_from_chef/chef/mixin/properties.rb in the cache.
I, [2017-03-11T18:12:12.575384 #70798]  INFO -- default-centos: [2017-03-09T14:08:23+00:00] INFO: Storing updated cookbooks/compat_resource/files/lib/chef_compat/copied_from_chef/chef/property.rb in the cache.
I, [2017-03-11T18:12:12.579944 #70798]  INFO -- default-centos: [2017-03-09T14:08:23+00:00] INFO: Storing updated cookbooks/compat_resource/files/lib/chef_compat/copied_from_chef/chef/mixin/params_validate.rb in the cache.
I, [2017-03-11T18:12:12.580081 #70798]  INFO -- default-centos:   - homebrew (3.0.0)
I, [2017-03-11T18:12:12.580949 #70798]  INFO -- default-centos: [2017-03-09T14:08:23+00:00] INFO: Storing updated cookbooks/compat_resource/files/lib/chef_compat/copied_from_chef/chef/provider/apt_repository.rb in the cache.
I, [2017-03-11T18:12:12.581407 #70798]  INFO -- default-centos: [2017-03-09T14:08:23+00:00] INFO: Storing updated cookbooks/compat_resource/files/lib/chef_compat/copied_from_chef/chef/provider/apt_update.rb in the cache.
I, [2017-03-11T18:12:12.599391 #70798]  INFO -- default-centos: [2017-03-09T14:08:23+00:00] INFO: Storing updated cookbooks/compat_resource/files/lib/chef_compat/copied_from_chef/chef/provider/systemd_unit.rb in the cache.
I, [2017-03-11T18:12:12.607005 #70798]  INFO -- default-centos: [2017-03-09T14:08:24+00:00] INFO: Storing updated cookbooks/compat_resource/files/lib/chef_compat/copied_from_chef/chef/resource/yum_repository.rb in the cache.
I, [2017-03-11T18:12:12.607645 #70798]  INFO -- default-centos: [2017-03-09T14:08:23+00:00] INFO: Storing updated cookbooks/compat_resource/files/lib/chef_compat/copied_from_chef/chef/provider/yum_repository.rb in the cache.
I, [2017-03-11T18:12:12.608899 #70798]  INFO -- default-centos: [2017-03-09T14:08:23+00:00] INFO: Storing updated cookbooks/compat_resource/files/lib/chef_compat/copied_from_chef/chef/provider.rb in the cache.
I, [2017-03-11T18:12:12.611627 #70798]  INFO -- default-centos: [2017-03-09T14:08:23+00:00] INFO: Storing updated cookbooks/compat_resource/files/lib/chef_compat/copied_from_chef/chef/resource/action_class.rb in the cache.
I, [2017-03-11T18:12:12.612029 #70798]  INFO -- default-centos: [2017-03-09T14:08:24+00:00] INFO: Storing updated cookbooks/compat_resource/files/lib/chef_compat/copied_from_chef/chef/resource/apt_repository.rb in the cache.
I, [2017-03-11T18:12:12.612629 #70798]  INFO -- default-centos: [2017-03-09T14:08:24+00:00] INFO: Storing updated cookbooks/compat_resource/files/lib/chef_compat/copied_from_chef/chef/resource/apt_update.rb in the cache.
I, [2017-03-11T18:12:12.613015 #70798]  INFO -- default-centos: [2017-03-09T14:08:24+00:00] INFO: Storing updated cookbooks/compat_resource/files/lib/chef_compat/copied_from_chef/chef/resource/systemd_unit.rb in the cache.
I, [2017-03-11T18:12:12.613591 #70798]  INFO -- default-centos: [2017-03-09T14:08:24+00:00] INFO: Storing updated cookbooks/compat_resource/files/lib/chef_compat/copied_from_chef/chef/resource.rb in the cache.
I, [2017-03-11T18:12:12.613844 #70798]  INFO -- default-centos: [2017-03-09T14:08:24+00:00] INFO: Storing updated cookbooks/compat_resource/files/lib/chef_compat/copied_from_chef/chef/provider/support/yum_repo.erb in the cache.
I, [2017-03-11T18:12:12.614871 #70798]  INFO -- default-centos: [2017-03-09T14:08:24+00:00] INFO: Storing updated cookbooks/compat_resource/files/lib/chef_compat/copied_from_chef/chef/resource_builder.rb in the cache.
I, [2017-03-11T18:12:12.620040 #70798]  INFO -- default-centos: [2017-03-09T14:08:24+00:00] INFO: Storing updated cookbooks/compat_resource/files/lib/chef_compat/mixin/properties.rb in the cache.
I, [2017-03-11T18:12:12.637846 #70798]  INFO -- default-centos: [2017-03-09T14:08:24+00:00] INFO: Storing updated cookbooks/compat_resource/files/lib/chef_compat/monkeypatches/chef/log.rb in the cache.
I, [2017-03-11T18:12:12.643341 #70798]  INFO -- default-centos: [2017-03-09T14:08:24+00:00] INFO: Storing updated cookbooks/compat_resource/files/lib/chef_compat/monkeypatches/chef/resource/lwrp_base.rb in the cache.
I, [2017-03-11T18:12:12.643837 #70798]  INFO -- default-centos: [2017-03-09T14:08:24+00:00] INFO: Storing updated cookbooks/compat_resource/files/lib/chef_compat/monkeypatches/chef/mixin/params_validate.rb in the cache.
I, [2017-03-11T18:12:12.651392 #70798]  INFO -- default-centos: [2017-03-09T14:08:24+00:00] INFO: Storing updated cookbooks/compat_resource/files/lib/chef_compat/monkeypatches/chef/resource_builder.rb in the cache.
I, [2017-03-11T18:12:12.652511 #70798]  INFO -- default-centos: [2017-03-09T14:08:24+00:00] INFO: Storing updated cookbooks/compat_resource/files/lib/chef_compat/monkeypatches/chef/node.rb in the cache.
I, [2017-03-11T18:12:12.653059 #70798]  INFO -- default-centos: [2017-03-09T14:08:24+00:00] INFO: Storing updated cookbooks/compat_resource/files/lib/chef_compat/monkeypatches/chef/property.rb in the cache.
I, [2017-03-11T18:12:12.653694 #70798]  INFO -- default-centos: [2017-03-09T14:08:24+00:00] INFO: Storing updated cookbooks/compat_resource/files/lib/chef_compat/monkeypatches/chef/provider.rb in the cache.
I, [2017-03-11T18:12:12.659521 #70798]  INFO -- default-centos: [2017-03-09T14:08:24+00:00] INFO: Storing updated cookbooks/compat_resource/files/lib/chef_compat/monkeypatches/chef/resource_collection/resource_set.rb in the cache.
I, [2017-03-11T18:12:12.660239 #70798]  INFO -- default-centos: [2017-03-09T14:08:24+00:00] INFO: Storing updated cookbooks/compat_resource/files/lib/chef_compat/monkeypatches/chef/recipe.rb in the cache.
I, [2017-03-11T18:12:12.660648 #70798]  INFO -- default-centos: [2017-03-09T14:08:24+00:00] INFO: Storing updated cookbooks/compat_resource/files/lib/chef_compat/monkeypatches/chef/recipe_hook.rb in the cache.
I, [2017-03-11T18:12:12.661163 #70798]  INFO -- default-centos: [2017-03-09T14:08:24+00:00] INFO: Storing updated cookbooks/compat_resource/files/lib/chef_compat/monkeypatches/chef/resource.rb in the cache.
I, [2017-03-11T18:12:12.661800 #70798]  INFO -- default-centos: [2017-03-09T14:08:24+00:00] INFO: Storing updated cookbooks/compat_resource/files/lib/chef_compat/copied_from_chef.rb in the cache.
I, [2017-03-11T18:12:12.662392 #70798]  INFO -- default-centos: [2017-03-09T14:08:24+00:00] INFO: Storing updated cookbooks/compat_resource/files/lib/chef_compat/monkeypatches/chef/exceptions.rb in the cache.
I, [2017-03-11T18:12:12.664051 #70798]  INFO -- default-centos: [2017-03-09T14:08:24+00:00] INFO: Storing updated cookbooks/compat_resource/files/lib/chef_compat/monkeypatches/chef/resource_collection/resource_list.rb in the cache.
I, [2017-03-11T18:12:12.673749 #70798]  INFO -- default-centos: [2017-03-09T14:08:24+00:00] INFO: Storing updated cookbooks/compat_resource/files/lib/chef_compat/monkeypatches/chef.rb in the cache.
I, [2017-03-11T18:12:12.680664 #70798]  INFO -- default-centos: [2017-03-09T14:08:24+00:00] INFO: Storing updated cookbooks/compat_resource/files/lib/chef_compat/monkeypatches.rb in the cache.
I, [2017-03-11T18:12:12.681403 #70798]  INFO -- default-centos: [2017-03-09T14:08:24+00:00] INFO: Storing updated cookbooks/compat_resource/files/lib/chef_compat/property.rb in the cache.
I, [2017-03-11T18:12:12.681703 #70798]  INFO -- default-centos: [2017-03-09T14:08:24+00:00] INFO: Storing updated cookbooks/compat_resource/files/lib/chef_compat/recipe.rb in the cache.
I, [2017-03-11T18:12:12.687969 #70798]  INFO -- default-centos: [2017-03-09T14:08:24+00:00] INFO: Storing updated cookbooks/compat_resource/files/lib/chef_compat/monkeypatches/chef/runner.rb in the cache.
I, [2017-03-11T18:12:12.692028 #70798]  INFO -- default-centos: [2017-03-09T14:08:24+00:00] INFO: Storing updated cookbooks/compat_resource/metadata.json in the cache.
I, [2017-03-11T18:12:12.692442 #70798]  INFO -- default-centos: [2017-03-09T14:08:24+00:00] INFO: Storing updated cookbooks/compat_resource/files/lib/chef_compat/resource.rb in the cache.
I, [2017-03-11T18:12:12.692961 #70798]  INFO -- default-centos: [2017-03-09T14:08:24+00:00] INFO: Storing updated cookbooks/compat_resource/files/lib/chef_upstream_version.rb in the cache.
I, [2017-03-11T18:12:12.693515 #70798]  INFO -- default-centos: [2017-03-09T14:08:24+00:00] INFO: Storing updated cookbooks/compat_resource/files/lib/compat_resource.rb in the cache.
I, [2017-03-11T18:12:12.699925 #70798]  INFO -- default-centos: [2017-03-09T14:08:24+00:00] INFO: Storing updated cookbooks/ohai/resources/plugin.rb in the cache.
I, [2017-03-11T18:12:12.701496 #70798]  INFO -- default-centos: [2017-03-09T14:08:24+00:00] INFO: Storing updated cookbooks/compat_resource/README.md in the cache.
I, [2017-03-11T18:12:12.703763 #70798]  INFO -- default-centos: [2017-03-09T14:08:24+00:00] INFO: Storing updated cookbooks/ohai/resources/hint.rb in the cache.
I, [2017-03-11T18:12:12.704387 #70798]  INFO -- default-centos: [2017-03-09T14:08:24+00:00] INFO: Storing updated cookbooks/ohai/recipes/default.rb in the cache.
I, [2017-03-11T18:12:12.705297 #70798]  INFO -- default-centos: [2017-03-09T14:08:24+00:00] INFO: Storing updated cookbooks/ohai/libraries/matchers.rb in the cache.
I, [2017-03-11T18:12:12.712538 #70798]  INFO -- default-centos: [2017-03-09T14:08:24+00:00] INFO: Storing updated cookbooks/ohai/README.md in the cache.
I, [2017-03-11T18:12:12.713501 #70798]  INFO -- default-centos: [2017-03-09T14:08:24+00:00] INFO: Storing updated cookbooks/ohai/metadata.json in the cache.
I, [2017-03-11T18:12:12.714167 #70798]  INFO -- default-centos: [2017-03-09T14:08:24+00:00] INFO: Storing updated cookbooks/compat_resource/files/lib/chef_compat/monkeypatches/chef/run_context.rb in the cache.
I, [2017-03-11T18:12:12.715164 #70798]  INFO -- default-centos: [2017-03-09T14:08:24+00:00] INFO: Storing updated cookbooks/compat_resource/files/lib/chef_compat/monkeypatches/chef/resource_collection.rb in the cache.
I, [2017-03-11T18:12:12.716890 #70798]  INFO -- default-centos:   [2017-03-09T14:08:24+00:00] INFO: Storing updated cookbooks/compat_resource/files/lib/chef_compat/resource/lwrp_base.rb in the cache.
I, [2017-03-11T18:12:12.717908 #70798]  INFO -- default-centos: - ohai (5.0.0)
I, [2017-03-11T18:12:12.719110 #70798]  INFO -- default-centos:   - compat_resource (12.16.3)
I, [2017-03-11T18:12:12.729716 #70798]  INFO -- default-centos: Installing Cookbook Gems:
I, [2017-03-11T18:12:12.729787 #70798]  INFO -- default-centos: Compiling Cookbooks...
I, [2017-03-11T18:12:12.854789 #70798]  INFO -- default-centos: Converging 11 resources
I, [2017-03-11T18:12:12.856045 #70798]  INFO -- default-centos: Recipe: java::notify
I, [2017-03-11T18:12:12.857104 #70798]  INFO -- default-centos:   * log[jdk-version-changed] action nothing[2017-03-09T14:08:24+00:00] INFO: Processing log[jdk-version-changed] action nothing (java::notify line 29)
I, [2017-03-11T18:12:12.857940 #70798]  INFO -- default-centos:  (skipped due to action :nothing)
I, [2017-03-11T18:12:12.858579 #70798]  INFO -- default-centos: Recipe: java::set_java_home
I, [2017-03-11T18:12:12.859842 #70798]  INFO -- default-centos:   * directory[/etc/profile.d] action create[2017-03-09T14:08:24+00:00] INFO: Processing directory[/etc/profile.d] action create (java::set_java_home line 19)
I, [2017-03-11T18:12:12.862440 #70798]  INFO -- default-centos:  (up to date)
I, [2017-03-11T18:12:12.863876 #70798]  INFO -- default-centos:   * template[/etc/profile.d/jdk.sh] action create[2017-03-09T14:08:24+00:00] INFO: Processing template[/etc/profile.d/jdk.sh] action create (java::set_java_home line 23)
I, [2017-03-11T18:12:12.867935 #70798]  INFO -- default-centos: [2017-03-09T14:08:24+00:00] INFO: template[/etc/profile.d/jdk.sh] created file /etc/profile.d/jdk.sh
I, [2017-03-11T18:12:12.868578 #70798]  INFO -- default-centos: 
I, [2017-03-11T18:12:12.875885 #70798]  INFO -- default-centos:     - create new file /etc/profile.d/jdk.sh[2017-03-09T14:08:24+00:00] INFO: template[/etc/profile.d/jdk.sh] updated file contents /etc/profile.d/jdk.sh
I, [2017-03-11T18:12:12.877250 #70798]  INFO -- default-centos: 
I, [2017-03-11T18:12:12.878435 #70798]  INFO -- default-centos:     - update content in file /etc/profile.d/jdk.sh from none to 5b75c4
I, [2017-03-11T18:12:12.879624 #70798]  INFO -- default-centos:     --- /etc/profile.d/jdk.sh	2017-03-09 14:08:24.256066260 +0000
I, [2017-03-11T18:12:12.881189 #70798]  INFO -- default-centos:     +++ /etc/profile.d/.chef-jdk20170309-176-lzdeov.sh	2017-03-09 14:08:24.256066260 +0000
I, [2017-03-11T18:12:12.881971 #70798]  INFO -- default-centos:     @@ -1 +1,2 @@
I, [2017-03-11T18:12:12.884415 #70798]  INFO -- default-centos:     +export JAVA_HOME=/usr/lib/jvm/java[2017-03-09T14:08:24+00:00] INFO: template[/etc/profile.d/jdk.sh] mode changed to 755
I, [2017-03-11T18:12:12.884662 #70798]  INFO -- default-centos: 
I, [2017-03-11T18:12:12.886354 #70798]  INFO -- default-centos:     - change mode from '' to '0755'
I, [2017-03-11T18:12:12.887242 #70798]  INFO -- default-centos: Recipe: java::oracle
I, [2017-03-11T18:12:12.888616 #70798]  INFO -- default-centos:   * yum_package[tar] action install[2017-03-09T14:08:24+00:00] INFO: Processing yum_package[tar] action install (java::oracle line 55)
I, [2017-03-11T18:12:15.557534 #70798]  INFO -- default-centos:  (up to date)
I, [2017-03-11T18:12:15.559143 #70798]  INFO -- default-centos:   * java_ark[jdk] action install[2017-03-09T14:08:26+00:00] INFO: Processing java_ark[jdk] action install (java::oracle line 59)
I, [2017-03-11T18:12:15.560662 #70798]  INFO -- default-centos: [2017-03-09T14:08:26+00:00] INFO: Adding jdk to /usr/lib/jvm/jdk1.8.0_101
I, [2017-03-11T18:12:15.562015 #70798]  INFO -- default-centos: 
I, [2017-03-11T18:12:15.564472 #70798]  INFO -- default-centos:     - create dir /usr/lib/jvm and change owner to root:root
I, [2017-03-11T18:12:15.565453 #70798]  INFO -- default-centos:     * yum_package[curl] action install[2017-03-09T14:08:26+00:00] INFO: Processing yum_package[curl] action install (/tmp/kitchen/cache/cookbooks/java/providers/ark.rb line 73)
I, [2017-03-11T18:12:15.568555 #70798]  INFO -- default-centos:  (up to date)
I, [2017-03-11T18:13:27.403451 #70798]  INFO -- default-centos:     - download oracle tarball straight from the server
I, [2017-03-11T18:13:27.403519 #70798]  INFO -- default-centos:     - extract compressed data into Chef file cache path and
I, [2017-03-11T18:13:27.404502 #70798]  INFO -- default-centos:                  move extracted data to /usr/lib/jvm/jdk1.8.0_101
I, [2017-03-11T18:13:27.405479 #70798]  INFO -- default-centos:     - Symlink /usr/lib/jvm/jdk1.8.0_101 to /usr/lib/jvm/java
I, [2017-03-11T18:13:27.405962 #70798]  INFO -- default-centos: [2017-03-09T14:09:38+00:00] INFO: java_ark[jdk] sending write action to log[jdk-version-changed] (immediate)
I, [2017-03-11T18:13:27.406198 #70798]  INFO -- default-centos: Recipe: java::notify
I, [2017-03-11T18:13:27.406813 #70798]  INFO -- default-centos:   * log[jdk-version-changed] action write[2017-03-09T14:09:38+00:00] INFO: Processing log[jdk-version-changed] action write (java::notify line 29)
I, [2017-03-11T18:13:27.407663 #70798]  INFO -- default-centos: [2017-03-09T14:09:38+00:00] INFO: A new version of java was installed
I, [2017-03-11T18:13:27.407882 #70798]  INFO -- default-centos: 
I, [2017-03-11T18:13:27.407926 #70798]  INFO -- default-centos:   
I, [2017-03-11T18:13:27.408588 #70798]  INFO -- default-centos:   * yum_package[curl] action nothing[2017-03-09T14:09:38+00:00] INFO: Processing yum_package[curl] action nothing (/tmp/kitchen/cache/cookbooks/java/providers/ark.rb line 73)
I, [2017-03-11T18:13:27.413180 #70798]  INFO -- default-centos:  (skipped due to action :nothing)
I, [2017-03-11T18:13:27.413456 #70798]  INFO -- default-centos:   * java_alternatives[set-java-alternatives] action set[2017-03-09T14:09:38+00:00] INFO: Processing java_alternatives[set-java-alternatives] action set (/tmp/kitchen/cache/cookbooks/java/providers/ark.rb line 222)
I, [2017-03-11T18:13:27.518994 #70798]  INFO -- default-centos: 
I, [2017-03-11T18:13:27.639059 #70798]  INFO -- default-centos:     - Add alternative for appletviewer
I, [2017-03-11T18:13:27.759308 #70798]  INFO -- default-centos:     - Add alternative for ControlPanel
I, [2017-03-11T18:13:27.886872 #70798]  INFO -- default-centos:     - Add alternative for extcheck
I, [2017-03-11T18:13:28.008821 #70798]  INFO -- default-centos:     - Add alternative for idlj
I, [2017-03-11T18:13:28.127158 #70798]  INFO -- default-centos:     - Add alternative for jar
I, [2017-03-11T18:13:28.248454 #70798]  INFO -- default-centos:     - Add alternative for jarsigner
I, [2017-03-11T18:13:28.368552 #70798]  INFO -- default-centos:     - Add alternative for java
I, [2017-03-11T18:13:28.490057 #70798]  INFO -- default-centos:     - Add alternative for javac
I, [2017-03-11T18:13:28.614009 #70798]  INFO -- default-centos:     - Add alternative for javadoc
I, [2017-03-11T18:13:28.738718 #70798]  INFO -- default-centos:     - Add alternative for javafxpackager
I, [2017-03-11T18:13:28.858232 #70798]  INFO -- default-centos:     - Add alternative for javah
I, [2017-03-11T18:13:28.982705 #70798]  INFO -- default-centos:     - Add alternative for javap
I, [2017-03-11T18:13:29.107427 #70798]  INFO -- default-centos:     - Add alternative for javaws
I, [2017-03-11T18:13:29.237277 #70798]  INFO -- default-centos:     - Add alternative for jcmd
I, [2017-03-11T18:13:29.360364 #70798]  INFO -- default-centos:     - Add alternative for jconsole
I, [2017-03-11T18:13:29.487831 #70798]  INFO -- default-centos:     - Add alternative for jcontrol
I, [2017-03-11T18:13:29.617126 #70798]  INFO -- default-centos:     - Add alternative for jdb
I, [2017-03-11T18:13:29.742867 #70798]  INFO -- default-centos:     - Add alternative for jdeps
I, [2017-03-11T18:13:29.867679 #70798]  INFO -- default-centos:     - Add alternative for jhat
I, [2017-03-11T18:13:29.995603 #70798]  INFO -- default-centos:     - Add alternative for jinfo
I, [2017-03-11T18:13:30.117537 #70798]  INFO -- default-centos:     - Add alternative for jjs
I, [2017-03-11T18:13:30.247082 #70798]  INFO -- default-centos:     - Add alternative for jmap
I, [2017-03-11T18:13:30.376670 #70798]  INFO -- default-centos:     - Add alternative for jmc
I, [2017-03-11T18:13:30.497179 #70798]  INFO -- default-centos:     - Add alternative for jps
I, [2017-03-11T18:13:30.625905 #70798]  INFO -- default-centos:     - Add alternative for jrunscript
I, [2017-03-11T18:13:30.754694 #70798]  INFO -- default-centos:     - Add alternative for jsadebugd
I, [2017-03-11T18:13:30.880749 #70798]  INFO -- default-centos:     - Add alternative for jstack
I, [2017-03-11T18:13:31.021290 #70798]  INFO -- default-centos:     - Add alternative for jstat
I, [2017-03-11T18:13:31.148668 #70798]  INFO -- default-centos:     - Add alternative for jstatd
I, [2017-03-11T18:13:31.275834 #70798]  INFO -- default-centos:     - Add alternative for jvisualvm
I, [2017-03-11T18:13:31.401829 #70798]  INFO -- default-centos:     - Add alternative for keytool
I, [2017-03-11T18:13:31.538874 #70798]  INFO -- default-centos:     - Add alternative for native2ascii
I, [2017-03-11T18:13:31.668409 #70798]  INFO -- default-centos:     - Add alternative for orbd
I, [2017-03-11T18:13:31.794750 #70798]  INFO -- default-centos:     - Add alternative for pack200
I, [2017-03-11T18:13:31.921599 #70798]  INFO -- default-centos:     - Add alternative for policytool
I, [2017-03-11T18:13:32.050182 #70798]  INFO -- default-centos:     - Add alternative for rmic
I, [2017-03-11T18:13:32.174552 #70798]  INFO -- default-centos:     - Add alternative for rmid
I, [2017-03-11T18:13:32.299834 #70798]  INFO -- default-centos:     - Add alternative for rmiregistry
I, [2017-03-11T18:13:32.424494 #70798]  INFO -- default-centos:     - Add alternative for schemagen
I, [2017-03-11T18:13:32.554016 #70798]  INFO -- default-centos:     - Add alternative for serialver
I, [2017-03-11T18:13:32.674910 #70798]  INFO -- default-centos:     - Add alternative for servertool
I, [2017-03-11T18:13:32.812364 #70798]  INFO -- default-centos:     - Add alternative for tnameserv
I, [2017-03-11T18:13:32.944245 #70798]  INFO -- default-centos:     - Add alternative for unpack200
I, [2017-03-11T18:13:33.072538 #70798]  INFO -- default-centos:     - Add alternative for wsgen
I, [2017-03-11T18:13:33.199815 #70798]  INFO -- default-centos:     - Add alternative for wsimport
I, [2017-03-11T18:13:33.222829 #70798]  INFO -- default-centos:     - Add alternative for xjc
I, [2017-03-11T18:13:33.224421 #70798]  INFO -- default-centos: Recipe: demo::default
I, [2017-03-11T18:13:33.227019 #70798]  INFO -- default-centos:   * linux_user[tomcat] action create[2017-03-09T14:09:44+00:00] INFO: Processing linux_user[tomcat] action create (demo::default line 13)
I, [2017-03-11T18:13:33.679450 #70798]  INFO -- default-centos: [2017-03-09T14:09:45+00:00] INFO: linux_user[tomcat] created
I, [2017-03-11T18:13:33.679707 #70798]  INFO -- default-centos: 
I, [2017-03-11T18:13:33.680078 #70798]  INFO -- default-centos:     - create user tomcat
I, [2017-03-11T18:13:33.681520 #70798]  INFO -- default-centos:   * group[tomcat] action create[2017-03-09T14:09:45+00:00] INFO: Processing group[tomcat] action create (demo::default line 16)
I, [2017-03-11T18:13:33.892439 #70798]  INFO -- default-centos: [2017-03-09T14:09:45+00:00] INFO: group[tomcat] altered
I, [2017-03-11T18:13:33.892836 #70798]  INFO -- default-centos: 
I, [2017-03-11T18:13:33.893662 #70798]  INFO -- default-centos:     - alter group tomcat
I, [2017-03-11T18:13:33.894309 #70798]  INFO -- default-centos:     - replace group members with new list of members
I, [2017-03-11T18:13:33.896465 #70798]  INFO -- default-centos:   * tomcat_install[helloworld] action install[2017-03-09T14:09:45+00:00] INFO: Processing tomcat_install[helloworld] action install (demo::default line 22)
I, [2017-03-11T18:13:33.913356 #70798]  INFO -- default-centos: 
I, [2017-03-11T18:13:33.914714 #70798]  INFO -- default-centos:     * yum_package[tar] action install[2017-03-09T14:09:45+00:00] INFO: Processing yum_package[tar] action install (/tmp/kitchen/cache/cookbooks/tomcat/resources/install.rb line 100)
I, [2017-03-11T18:13:33.916681 #70798]  INFO -- default-centos:  (up to date)
I, [2017-03-11T18:13:33.918221 #70798]  INFO -- default-centos:     * group[tomcat] action create[2017-03-09T14:09:45+00:00] INFO: Processing group[tomcat] action create (/tmp/kitchen/cache/cookbooks/tomcat/resources/install.rb line 102)
I, [2017-03-11T18:13:33.920004 #70798]  INFO -- default-centos:  (up to date)
I, [2017-03-11T18:13:33.921588 #70798]  INFO -- default-centos:     * linux_user[tomcat] action create[2017-03-09T14:09:45+00:00] INFO: Processing linux_user[tomcat] action create (/tmp/kitchen/cache/cookbooks/tomcat/resources/install.rb line 107)
I, [2017-03-11T18:13:34.009705 #70798]  INFO -- default-centos: [2017-03-09T14:09:45+00:00] INFO: linux_user[tomcat] altered
I, [2017-03-11T18:13:34.010190 #70798]  INFO -- default-centos: 
I, [2017-03-11T18:13:34.011128 #70798]  INFO -- default-centos:       - alter user tomcat
I, [2017-03-11T18:13:34.013815 #70798]  INFO -- default-centos:     * directory[tomcat install dir] action create[2017-03-09T14:09:45+00:00] INFO: Processing directory[tomcat install dir] action create (/tmp/kitchen/cache/cookbooks/tomcat/resources/install.rb line 114)
I, [2017-03-11T18:13:34.016220 #70798]  INFO -- default-centos: [2017-03-09T14:09:45+00:00] INFO: directory[tomcat install dir] created directory /opt/tomcat_helloworld_8_0_36/
I, [2017-03-11T18:13:34.016410 #70798]  INFO -- default-centos: 
I, [2017-03-11T18:13:34.018869 #70798]  INFO -- default-centos:       - create new directory /opt/tomcat_helloworld_8_0_36/[2017-03-09T14:09:45+00:00] INFO: directory[tomcat install dir] owner changed to 1001
I, [2017-03-11T18:13:34.020548 #70798]  INFO -- default-centos: [2017-03-09T14:09:45+00:00] INFO: directory[tomcat install dir] group changed to 1001
I, [2017-03-11T18:13:34.021521 #70798]  INFO -- default-centos: [2017-03-09T14:09:45+00:00] INFO: directory[tomcat install dir] mode changed to 750
I, [2017-03-11T18:13:34.021821 #70798]  INFO -- default-centos: 
I, [2017-03-11T18:13:34.022940 #70798]  INFO -- default-centos:       - change mode from '' to '0750'
I, [2017-03-11T18:13:34.023671 #70798]  INFO -- default-centos:       - change owner from '' to 'tomcat'
I, [2017-03-11T18:13:34.024950 #70798]  INFO -- default-centos:       - change group from '' to 'tomcat'
I, [2017-03-11T18:13:34.026530 #70798]  INFO -- default-centos:     * remote_file[apache 8.0.36 tarball] action create[2017-03-09T14:09:45+00:00] INFO: Processing remote_file[apache 8.0.36 tarball] action create (/tmp/kitchen/cache/cookbooks/tomcat/resources/install.rb line 122)
I, [2017-03-11T18:13:38.895520 #70798]  INFO -- default-centos: [2017-03-09T14:09:50+00:00] INFO: remote_file[apache 8.0.36 tarball] created file /tmp/kitchen/cache/apache-tomcat-8.0.36.tar.gz
I, [2017-03-11T18:13:38.895933 #70798]  INFO -- default-centos: 
I, [2017-03-11T18:13:38.928781 #70798]  INFO -- default-centos:       - create new file /tmp/kitchen/cache/apache-tomcat-8.0.36.tar.gz[2017-03-09T14:09:50+00:00] INFO: remote_file[apache 8.0.36 tarball] updated file contents /tmp/kitchen/cache/apache-tomcat-8.0.36.tar.gz
I, [2017-03-11T18:13:38.976057 #70798]  INFO -- default-centos: 
I, [2017-03-11T18:13:38.977287 #70798]  INFO -- default-centos:       - update content in file /tmp/kitchen/cache/apache-tomcat-8.0.36.tar.gz from none to 796346
I, [2017-03-11T18:13:38.978759 #70798]  INFO -- default-centos:       (new content is binary, diff output suppressed)
I, [2017-03-11T18:13:38.980570 #70798]  INFO -- default-centos:     * execute[extract tomcat tarball] action run[2017-03-09T14:09:50+00:00] INFO: Processing execute[extract tomcat tarball] action run (/tmp/kitchen/cache/cookbooks/tomcat/resources/install.rb line 128)
I, [2017-03-11T18:13:39.146083 #70798]  INFO -- default-centos: [2017-03-09T14:09:50+00:00] INFO: execute[extract tomcat tarball] ran successfully
I, [2017-03-11T18:13:39.146578 #70798]  INFO -- default-centos: 
I, [2017-03-11T18:13:39.147104 #70798]  INFO -- default-centos:       - execute tar -xzf /tmp/kitchen/cache/apache-tomcat-8.0.36.tar.gz -C /opt/tomcat_helloworld_8_0_36/ --strip-components=1 --exclude='*webapps/examples*' --exclude='*webapps/ROOT*' --exclude='*webapps/docs*'
I, [2017-03-11T18:13:39.148550 #70798]  INFO -- default-centos:     * execute[chown install dir as tomcat_helloworld] action run[2017-03-09T14:09:50+00:00] INFO: Processing execute[chown install dir as tomcat_helloworld] action run (/tmp/kitchen/cache/cookbooks/tomcat/resources/install.rb line 135)
I, [2017-03-11T18:13:39.181775 #70798]  INFO -- default-centos: [2017-03-09T14:09:50+00:00] INFO: execute[chown install dir as tomcat_helloworld] ran successfully
I, [2017-03-11T18:13:39.182379 #70798]  INFO -- default-centos: 
I, [2017-03-11T18:13:39.182767 #70798]  INFO -- default-centos:       - execute chown -R tomcat:tomcat /opt/tomcat_helloworld_8_0_36/
I, [2017-03-11T18:13:39.185012 #70798]  INFO -- default-centos:     * link[/opt/tomcat_helloworld] action create[2017-03-09T14:09:50+00:00] INFO: Processing link[/opt/tomcat_helloworld] action create (/tmp/kitchen/cache/cookbooks/tomcat/resources/install.rb line 142)
I, [2017-03-11T18:13:39.187198 #70798]  INFO -- default-centos: [2017-03-09T14:09:50+00:00] INFO: link[/opt/tomcat_helloworld] created
I, [2017-03-11T18:13:39.188354 #70798]  INFO -- default-centos: 
I, [2017-03-11T18:13:39.189482 #70798]  INFO -- default-centos:       - create symlink at /opt/tomcat_helloworld to /opt/tomcat_helloworld_8_0_36/
I, [2017-03-11T18:13:39.190190 #70798]  INFO -- default-centos:   
I, [2017-03-11T18:13:39.191872 #70798]  INFO -- default-centos:   * cookbook_file[/opt/tomcat_helloworld/conf/server.xml] action create[2017-03-09T14:09:50+00:00] INFO: Processing cookbook_file[/opt/tomcat_helloworld/conf/server.xml] action create (demo::default line 29)
I, [2017-03-11T18:13:39.198705 #70798]  INFO -- default-centos: [2017-03-09T14:09:50+00:00] INFO: cookbook_file[/opt/tomcat_helloworld/conf/server.xml] backed up to /tmp/kitchen/backup/opt/tomcat_helloworld/conf/server.xml.chef-20170309140950.699698
I, [2017-03-11T18:13:39.200044 #70798]  INFO -- default-centos: [2017-03-09T14:09:50+00:00] INFO: cookbook_file[/opt/tomcat_helloworld/conf/server.xml] updated file contents /opt/tomcat_helloworld/conf/server.xml
I, [2017-03-11T18:13:39.200935 #70798]  INFO -- default-centos: 
I, [2017-03-11T18:13:39.201641 #70798]  INFO -- default-centos:     - update content in file /opt/tomcat_helloworld/conf/server.xml from 52bc27 to d91e9e
I, [2017-03-11T18:13:39.202668 #70798]  INFO -- default-centos:     --- /opt/tomcat_helloworld/conf/server.xml	2016-06-09 13:58:23.000000000 +0000
I, [2017-03-11T18:13:39.204334 #70798]  INFO -- default-centos:     +++ /opt/tomcat_helloworld/conf/.chef-server20170309-176-1t1yd2.xml	2017-03-09 14:09:50.696066260 +0000
I, [2017-03-11T18:13:39.205407 #70798]  INFO -- default-centos:     @@ -19,7 +19,7 @@
I, [2017-03-11T18:13:39.206689 #70798]  INFO -- default-centos:    define subcomponents such as "Valves" at this level.
I, [2017-03-11T18:13:39.208137 #70798]  INFO -- default-centos:    Documentation at /docs/config/server.html
I, [2017-03-11T18:13:39.209343 #70798]  INFO -- default-centos:       -->
I, [2017-03-11T18:13:39.210228 #70798]  INFO -- default-centos:     -<Server port="8005" shutdown="SHUTDOWN">
I, [2017-03-11T18:13:39.211866 #70798]  INFO -- default-centos:     +<Server port="8006" shutdown="SHUTDOWN">
I, [2017-03-11T18:13:39.213131 #70798]  INFO -- default-centos: <Listener className="org.apache.catalina.startup.VersionLoggerListener" />
I, [2017-03-11T18:13:39.214840 #70798]  INFO -- default-centos: <!-- Security listener. Documentation at /docs/config/listeners.html
I, [2017-03-11T18:13:39.215737 #70798]  INFO -- default-centos: <Listener className="org.apache.catalina.security.SecurityListener" />
I, [2017-03-11T18:13:39.216594 #70798]  INFO -- default-centos:     @@ -66,9 +66,9 @@
I, [2017-03-11T18:13:39.217466 #70798]  INFO -- default-centos:        APR (HTTP/AJP) Connector: /docs/apr.html
I, [2017-03-11T18:13:39.218374 #70798]  INFO -- default-centos:        Define a non-SSL/TLS HTTP/1.1 Connector on port 8080
I, [2017-03-11T18:13:39.219123 #70798]  INFO -- default-centos:   -->
I, [2017-03-11T18:13:39.219949 #70798]  INFO -- default-centos:     -    <Connector port="8080" protocol="HTTP/1.1"
I, [2017-03-11T18:13:39.220814 #70798]  INFO -- default-centos:     +    <Connector port="8081" protocol="HTTP/1.1"
I, [2017-03-11T18:13:39.221628 #70798]  INFO -- default-centos:              connectionTimeout="20000"
I, [2017-03-11T18:13:39.222463 #70798]  INFO -- default-centos:     -               redirectPort="8443" />
I, [2017-03-11T18:13:39.223337 #70798]  INFO -- default-centos:     +               redirectPort="8444" />
I, [2017-03-11T18:13:39.224206 #70798]  INFO -- default-centos:   <!-- A "Connector" using the shared thread pool-->
I, [2017-03-11T18:13:39.225077 #70798]  INFO -- default-centos:   <!--
I, [2017-03-11T18:13:39.226034 #70798]  INFO -- default-centos:   <Connector executor="tomcatThreadPool"
I, [2017-03-11T18:13:39.226942 #70798]  INFO -- default-centos:     @@ -88,7 +88,7 @@
I, [2017-03-11T18:13:39.227796 #70798]  INFO -- default-centos:   -->
I, [2017-03-11T18:13:39.228633 #70798]  INFO -- default-centos:      
I, [2017-03-11T18:13:39.229404 #70798]  INFO -- default-centos:   <!-- Define an AJP 1.3 Connector on port 8009 -->
I, [2017-03-11T18:13:39.230115 #70798]  INFO -- default-centos:     -    <Connector port="8009" protocol="AJP/1.3" redirectPort="8443" />
I, [2017-03-11T18:13:39.230846 #70798]  INFO -- default-centos:     +    <Connector port="8010" protocol="AJP/1.3" redirectPort="8443" />
I, [2017-03-11T18:13:39.231610 #70798]  INFO -- default-centos:      
I, [2017-03-11T18:13:39.232373 #70798]  INFO -- default-centos:      
I, [2017-03-11T18:13:39.235522 #70798]  INFO -- default-centos:   <!-- An Engine represents the entry point (within Catalina) that processes[2017-03-09T14:09:50+00:00] INFO: cookbook_file[/opt/tomcat_helloworld/conf/server.xml] owner changed to 0
I, [2017-03-11T18:13:39.236916 #70798]  INFO -- default-centos: [2017-03-09T14:09:50+00:00] INFO: cookbook_file[/opt/tomcat_helloworld/conf/server.xml] group changed to 0
I, [2017-03-11T18:13:39.238025 #70798]  INFO -- default-centos: [2017-03-09T14:09:50+00:00] INFO: cookbook_file[/opt/tomcat_helloworld/conf/server.xml] mode changed to 644
I, [2017-03-11T18:13:39.238390 #70798]  INFO -- default-centos: 
I, [2017-03-11T18:13:39.239173 #70798]  INFO -- default-centos:     - change mode from '0600' to '0644'
I, [2017-03-11T18:13:39.239875 #70798]  INFO -- default-centos:     - change owner from 'tomcat' to 'root'
I, [2017-03-11T18:13:39.241318 #70798]  INFO -- default-centos:     - change group from 'tomcat' to 'root'
I, [2017-03-11T18:13:39.242603 #70798]  INFO -- default-centos:   * remote_file[/opt/tomcat_helloworld/webapps/sample.war] action create[2017-03-09T14:09:50+00:00] INFO: Processing remote_file[/opt/tomcat_helloworld/webapps/sample.war] action create (demo::default line 37)
I, [2017-03-11T18:13:39.945220 #70798]  INFO -- default-centos: [2017-03-09T14:09:51+00:00] INFO: remote_file[/opt/tomcat_helloworld/webapps/sample.war] created file /opt/tomcat_helloworld/webapps/sample.war
I, [2017-03-11T18:13:39.945565 #70798]  INFO -- default-centos: 
I, [2017-03-11T18:13:39.947585 #70798]  INFO -- default-centos:     - create new file /opt/tomcat_helloworld/webapps/sample.war[2017-03-09T14:09:51+00:00] INFO: remote_file[/opt/tomcat_helloworld/webapps/sample.war] updated file contents /opt/tomcat_helloworld/webapps/sample.war
I, [2017-03-11T18:13:39.947942 #70798]  INFO -- default-centos: 
I, [2017-03-11T18:13:39.948737 #70798]  INFO -- default-centos:     - update content in file /opt/tomcat_helloworld/webapps/sample.war from none to 89b33c
I, [2017-03-11T18:13:39.950654 #70798]  INFO -- default-centos:     (new content is binary, diff output suppressed)[2017-03-09T14:09:51+00:00] INFO: remote_file[/opt/tomcat_helloworld/webapps/sample.war] owner changed to 1001
I, [2017-03-11T18:13:39.951695 #70798]  INFO -- default-centos: [2017-03-09T14:09:51+00:00] INFO: remote_file[/opt/tomcat_helloworld/webapps/sample.war] mode changed to 644
I, [2017-03-11T18:13:39.952370 #70798]  INFO -- default-centos: 
I, [2017-03-11T18:13:39.952711 #70798]  INFO -- default-centos:     - change mode from '' to '0644'
I, [2017-03-11T18:13:39.954073 #70798]  INFO -- default-centos:     - change owner from '' to 'tomcat'
I, [2017-03-11T18:13:39.955381 #70798]  INFO -- default-centos:   * tomcat_service_systemd[helloworld] action start[2017-03-09T14:09:51+00:00] INFO: Processing tomcat_service_systemd[helloworld] action start (demo::default line 45)
I, [2017-03-11T18:13:39.963269 #70798]  INFO -- default-centos: 
I, [2017-03-11T18:13:39.964615 #70798]  INFO -- default-centos:     * template[/etc/systemd/system/tomcat_helloworld.service] action create[2017-03-09T14:09:51+00:00] INFO: Processing template[/etc/systemd/system/tomcat_helloworld.service] action create (/tmp/kitchen/cache/cookbooks/tomcat/resources/service_systemd.rb line 82)
I, [2017-03-11T18:13:39.968098 #70798]  INFO -- default-centos: [2017-03-09T14:09:51+00:00] INFO: template[/etc/systemd/system/tomcat_helloworld.service] created file /etc/systemd/system/tomcat_helloworld.service
I, [2017-03-11T18:13:39.968712 #70798]  INFO -- default-centos: 
I, [2017-03-11T18:13:39.970043 #70798]  INFO -- default-centos:       - create new file /etc/systemd/system/tomcat_helloworld.service[2017-03-09T14:09:51+00:00] INFO: template[/etc/systemd/system/tomcat_helloworld.service] updated file contents /etc/systemd/system/tomcat_helloworld.service
I, [2017-03-11T18:13:39.970603 #70798]  INFO -- default-centos: 
I, [2017-03-11T18:13:39.971644 #70798]  INFO -- default-centos:       - update content in file /etc/systemd/system/tomcat_helloworld.service from none to 2e9d8c
I, [2017-03-11T18:13:39.973717 #70798]  INFO -- default-centos:       - suppressed sensitive resource[2017-03-09T14:09:51+00:00] INFO: template[/etc/systemd/system/tomcat_helloworld.service] owner changed to 0
I, [2017-03-11T18:13:39.974792 #70798]  INFO -- default-centos: [2017-03-09T14:09:51+00:00] INFO: template[/etc/systemd/system/tomcat_helloworld.service] group changed to 0
I, [2017-03-11T18:13:39.975809 #70798]  INFO -- default-centos: [2017-03-09T14:09:51+00:00] INFO: template[/etc/systemd/system/tomcat_helloworld.service] mode changed to 644
I, [2017-03-11T18:13:39.976240 #70798]  INFO -- default-centos: 
I, [2017-03-11T18:13:39.976969 #70798]  INFO -- default-centos:       - change mode from '' to '0644'
I, [2017-03-11T18:13:39.977564 #70798]  INFO -- default-centos:       - change owner from '' to 'root'
I, [2017-03-11T18:13:39.979119 #70798]  INFO -- default-centos:       - change group from '' to 'root'
I, [2017-03-11T18:13:39.979915 #70798]  INFO -- default-centos: [2017-03-09T14:09:51+00:00] INFO: template[/etc/systemd/system/tomcat_helloworld.service] sending run action to execute[Load systemd unit file] (immediate)
I, [2017-03-11T18:13:39.981253 #70798]  INFO -- default-centos:     * execute[Load systemd unit file] action run[2017-03-09T14:09:51+00:00] INFO: Processing execute[Load systemd unit file] action run (/tmp/kitchen/cache/cookbooks/tomcat/resources/service_systemd.rb line 100)
I, [2017-03-11T18:13:40.050421 #70798]  INFO -- default-centos: [2017-03-09T14:09:51+00:00] INFO: execute[Load systemd unit file] ran successfully
I, [2017-03-11T18:13:40.051450 #70798]  INFO -- default-centos: 
I, [2017-03-11T18:13:40.052935 #70798]  INFO -- default-centos:       - execute systemctl daemon-reload
I, [2017-03-11T18:13:40.056341 #70798]  INFO -- default-centos:     * execute[Load systemd unit file] action nothing[2017-03-09T14:09:51+00:00] INFO: Processing execute[Load systemd unit file] action nothing (/tmp/kitchen/cache/cookbooks/tomcat/resources/service_systemd.rb line 100)
I, [2017-03-11T18:13:40.057797 #70798]  INFO -- default-centos:  (skipped due to action :nothing)
I, [2017-03-11T18:13:40.060484 #70798]  INFO -- default-centos:     * service[tomcat_helloworld] action start[2017-03-09T14:09:51+00:00] INFO: Processing service[tomcat_helloworld] action start (/tmp/kitchen/cache/cookbooks/tomcat/resources/service_systemd.rb line 33)
I, [2017-03-11T18:13:40.230304 #70798]  INFO -- default-centos: [2017-03-09T14:09:51+00:00] INFO: service[tomcat_helloworld] started
I, [2017-03-11T18:13:40.230551 #70798]  INFO -- default-centos: 
I, [2017-03-11T18:13:40.232448 #70798]  INFO -- default-centos:       - start service service[tomcat_helloworld]
I, [2017-03-11T18:13:40.233069 #70798]  INFO -- default-centos: [2017-03-09T14:09:51+00:00] INFO: template[/etc/systemd/system/tomcat_helloworld.service] sending restart action to service[tomcat_helloworld] (delayed)
I, [2017-03-11T18:13:40.234870 #70798]  INFO -- default-centos:     * service[tomcat_helloworld] action restart[2017-03-09T14:09:51+00:00] INFO: Processing service[tomcat_helloworld] action restart (/tmp/kitchen/cache/cookbooks/tomcat/resources/service_systemd.rb line 33)
I, [2017-03-11T18:13:40.570336 #70798]  INFO -- default-centos: [2017-03-09T14:09:52+00:00] INFO: service[tomcat_helloworld] restarted
I, [2017-03-11T18:13:40.570771 #70798]  INFO -- default-centos: 
I, [2017-03-11T18:13:40.571877 #70798]  INFO -- default-centos:       - restart service service[tomcat_helloworld]
I, [2017-03-11T18:13:40.572717 #70798]  INFO -- default-centos:   
I, [2017-03-11T18:13:40.574469 #70798]  INFO -- default-centos:   * tomcat_service_systemd[helloworld] action enable[2017-03-09T14:09:52+00:00] INFO: Processing tomcat_service_systemd[helloworld] action enable (demo::default line 45)
I, [2017-03-11T18:13:40.576927 #70798]  INFO -- default-centos: 
I, [2017-03-11T18:13:40.579470 #70798]  INFO -- default-centos:     * template[/etc/systemd/system/tomcat_helloworld.service] action create[2017-03-09T14:09:52+00:00] INFO: Processing template[/etc/systemd/system/tomcat_helloworld.service] action create (/tmp/kitchen/cache/cookbooks/tomcat/resources/service_systemd.rb line 82)
I, [2017-03-11T18:13:40.588962 #70798]  INFO -- default-centos:  (up to date)
I, [2017-03-11T18:13:40.590221 #70798]  INFO -- default-centos:     * execute[Load systemd unit file] action nothing[2017-03-09T14:09:52+00:00] INFO: Processing execute[Load systemd unit file] action nothing (/tmp/kitchen/cache/cookbooks/tomcat/resources/service_systemd.rb line 100)
I, [2017-03-11T18:13:40.591115 #70798]  INFO -- default-centos:  (skipped due to action :nothing)
I, [2017-03-11T18:13:40.592829 #70798]  INFO -- default-centos:     * service[tomcat_helloworld] action enable[2017-03-09T14:09:52+00:00] INFO: Processing service[tomcat_helloworld] action enable (/tmp/kitchen/cache/cookbooks/tomcat/resources/service_systemd.rb line 70)
I, [2017-03-11T18:13:40.805790 #70798]  INFO -- default-centos: [2017-03-09T14:09:52+00:00] INFO: service[tomcat_helloworld] enabled
I, [2017-03-11T18:13:40.806253 #70798]  INFO -- default-centos: 
I, [2017-03-11T18:13:40.807547 #70798]  INFO -- default-centos:       - enable service service[tomcat_helloworld]
I, [2017-03-11T18:13:40.808313 #70798]  INFO -- default-centos:   
I, [2017-03-11T18:13:40.809333 #70798]  INFO -- default-centos: [2017-03-09T14:09:52+00:00] INFO: cookbook_file[/opt/tomcat_helloworld/conf/server.xml] sending restart action to tomcat_service_systemd[helloworld] (delayed)
I, [2017-03-11T18:13:40.810739 #70798]  INFO -- default-centos:   * tomcat_service_systemd[helloworld] action restart[2017-03-09T14:09:52+00:00] INFO: Processing tomcat_service_systemd[helloworld] action restart (demo::default line 45)
I, [2017-03-11T18:13:40.812113 #70798]  INFO -- default-centos: 
I, [2017-03-11T18:13:40.813252 #70798]  INFO -- default-centos:     * service[tomcat_helloworld] action restart[2017-03-09T14:09:52+00:00] INFO: Processing service[tomcat_helloworld] action restart (/tmp/kitchen/cache/cookbooks/tomcat/resources/service_systemd.rb line 51)
I, [2017-03-11T18:13:41.148239 #70798]  INFO -- default-centos: [2017-03-09T14:09:52+00:00] INFO: service[tomcat_helloworld] restarted
I, [2017-03-11T18:13:41.148588 #70798]  INFO -- default-centos: 
I, [2017-03-11T18:13:41.149731 #70798]  INFO -- default-centos:       - restart service service[tomcat_helloworld]
I, [2017-03-11T18:13:41.150395 #70798]  INFO -- default-centos:   
I, [2017-03-11T18:13:41.202001 #70798]  INFO -- default-centos: [2017-03-09T14:09:52+00:00] INFO: Chef Run complete in 89.4336614 seconds
I, [2017-03-11T18:13:41.235648 #70798]  INFO -- default-centos: 
I, [2017-03-11T18:13:41.243409 #70798]  INFO -- default-centos: Running handlers:
I, [2017-03-11T18:13:41.244101 #70798]  INFO -- default-centos: [2017-03-09T14:09:52+00:00] INFO: Running report handlers
I, [2017-03-11T18:13:41.244766 #70798]  INFO -- default-centos: Running handlers complete
I, [2017-03-11T18:13:41.245405 #70798]  INFO -- default-centos: [2017-03-09T14:09:52+00:00] INFO: Report handlers complete
I, [2017-03-11T18:13:41.245778 #70798]  INFO -- default-centos: 
I, [2017-03-11T18:13:41.246387 #70798]  INFO -- default-centos: Deprecated features used!
I, [2017-03-11T18:13:41.247010 #70798]  INFO -- default-centos:   Property `retries` of resource `java_ark` overwrites an existing method. Please use a different property name. This will raise an exception in Chef 13. at 1 location:
I, [2017-03-11T18:13:41.247615 #70798]  INFO -- default-centos:     - /tmp/kitchen/cache/cookbooks/java/resources/ark.rb:46:in `class_from_file'
I, [2017-03-11T18:13:41.248289 #70798]  INFO -- default-centos:    See https://docs.chef.io/deprecations_property_name_collision.html for further details.
I, [2017-03-11T18:13:41.249024 #70798]  INFO -- default-centos:   Property `retry_delay` of resource `java_ark` overwrites an existing method. Please use a different property name. This will raise an exception in Chef 13. at 1 location:
I, [2017-03-11T18:13:41.249705 #70798]  INFO -- default-centos:     - /tmp/kitchen/cache/cookbooks/java/resources/ark.rb:47:in `class_from_file'
I, [2017-03-11T18:13:41.250363 #70798]  INFO -- default-centos:    See https://docs.chef.io/deprecations_property_name_collision.html for further details.
I, [2017-03-11T18:13:41.251049 #70798]  INFO -- default-centos:   Property `sensitive` of resource `tomcat_service_systemd` overwrites an existing method. Please use a different property name. This will raise an exception in Chef 13. at 1 location:
I, [2017-03-11T18:13:41.251655 #70798]  INFO -- default-centos:     - /tmp/kitchen/cache/cookbooks/tomcat/resources/service_systemd.rb:28:in `class_from_file'
I, [2017-03-11T18:13:41.252246 #70798]  INFO -- default-centos:    See https://docs.chef.io/deprecations_property_name_collision.html for further details.
I, [2017-03-11T18:13:41.252830 #70798]  INFO -- default-centos:   Property `sensitive` of resource `tomcat_service_sysv_init` overwrites an existing method. Please use a different property name. This will raise an exception in Chef 13. at 1 location:
I, [2017-03-11T18:13:41.253436 #70798]  INFO -- default-centos:     - /tmp/kitchen/cache/cookbooks/tomcat/resources/service_sysv_init.rb:21:in `class_from_file'
I, [2017-03-11T18:13:41.254001 #70798]  INFO -- default-centos:    See https://docs.chef.io/deprecations_property_name_collision.html for further details.
I, [2017-03-11T18:13:41.254578 #70798]  INFO -- default-centos:   Property `sensitive` of resource `tomcat_service_upstart` overwrites an existing method. Please use a different property name. This will raise an exception in Chef 13. at 1 location:
I, [2017-03-11T18:13:41.255144 #70798]  INFO -- default-centos:     - /tmp/kitchen/cache/cookbooks/tomcat/resources/service_upstart.rb:15:in `class_from_file'
I, [2017-03-11T18:13:41.255754 #70798]  INFO -- default-centos:    See https://docs.chef.io/deprecations_property_name_collision.html for further details.
I, [2017-03-11T18:13:41.256037 #70798]  INFO -- default-centos: 
I, [2017-03-11T18:13:41.256949 #70798]  INFO -- default-centos: Chef Client finished, 24/34 resources updated in 01 minutes 31 seconds
I, [2017-03-11T18:13:41.695227 #70798]  INFO -- default-centos: Finished converging <default-centos> (1m35.82s).
